<?xml version="1.0" encoding="UTF-8"?>
<testng-results ignored="0" total="1" passed="1" failed="0" skipped="0">
  <reporter-output>
  </reporter-output>
  <suite started-at="2024-05-14T14:37:52 IST" name="Default suite" finished-at="2024-05-14T14:39:21 IST" duration-ms="88810">
    <groups>
    </groups>
    <test started-at="2024-05-14T14:37:52 IST" name="Default test" finished-at="2024-05-14T14:39:21 IST" duration-ms="88810">
      <class name="TestCases.CRMTests">
        <test-method signature="crmTest()[pri:0, instance:TestCases.CRMTests@55183b20]" started-at="2024-05-14T14:37:52 IST" name="crmTest" finished-at="2024-05-14T14:39:20 IST" duration-ms="88219" status="PASS">
          <reporter-output>
          </reporter-output>
        </test-method> <!-- crmTest -->
        <test-method is-config="true" signature="quitTest()[pri:0, instance:TestCases.CRMTests@55183b20]" started-at="2024-05-14T14:39:20 IST" name="quitTest" finished-at="2024-05-14T14:39:21 IST" duration-ms="543" status="PASS">
          <reporter-output>
          </reporter-output>
        </test-method> <!-- quitTest -->
      </class> <!-- TestCases.CRMTests -->
    </test> <!-- Default test -->
  </suite> <!-- Default suite -->
</testng-results>
